<?xml version="1.0" encoding="UTF-8"?>
<!-- Generated by org.testng.reporters.JUnitXMLReporter -->
<testsuite ignored="0" hostname="DESKTOP-R9FEGS1" failures="1" tests="1" name="register" time="4.287" errors="0" timestamp="2025-01-19T16:15:04 IST">
  <testcase classname="Ecom.Shop.RegisterPage" name="registerTest" time="3.91">
    <failure type="java.lang.AssertionError" message="expected [Logout] but found [Logou]">
      <![CDATA[java.lang.AssertionError: expected [Logout] but found [Logou]
at Ecom.Shop.RegisterPage.registerTest(RegisterPage.java:24)
at java.base/java.util.ArrayList.forEach(ArrayList.java:1511)
... Removed 33 stack frames]]>
    </failure>
  </testcase> <!-- registerTest -->
</testsuite> <!-- register -->
