<?xml version="1.0" encoding="UTF-8"?>
<!-- Generated by org.testng.reporters.JUnitXMLReporter -->
<testsuite ignored="0" hostname="DESKTOP-R9FEGS1" failures="2" tests="2" name="Test" time="27.528" errors="0" timestamp="2025-01-19T21:48:03 IST">
  <testcase classname="Ecom.Shop.RegisterPage" name="registerTest" time="4.767">
    <failure type="java.lang.AssertionError" message="expected [Logout] but found [Logou]">
      <![CDATA[java.lang.AssertionError: expected [Logout] but found [Logou]
at Ecom.Shop.RegisterPage.registerTest(RegisterPage.java:26)
at java.base/java.util.ArrayList.forEach(ArrayList.java:1511)
... Removed 33 stack frames]]>
    </failure>
  </testcase> <!-- registerTest -->
  <testcase classname="Ecom.Shop.LoginPage" name="loginTest" time="4.237">
    <failure type="java.lang.AssertionError" message="expected [pass] but found [pas]">
      <![CDATA[java.lang.AssertionError: expected [pass] but found [pas]
at Ecom.Shop.LoginPage.loginTest(LoginPage.java:24)
at java.base/java.util.ArrayList.forEach(ArrayList.java:1511)
... Removed 33 stack frames]]>
    </failure>
  </testcase> <!-- loginTest -->
</testsuite> <!-- Test -->
