<?xml version="1.0" encoding="UTF-8"?>
<testng-results ignored="0" total="2" passed="2" failed="0" skipped="0">
  <reporter-output>
  </reporter-output>
  <suite started-at="2025-03-23T14:10:11 IST" name="Suite" finished-at="2025-03-23T14:10:34 IST" duration-ms="22818">
    <groups>
    </groups>
    <test started-at="2025-03-23T14:10:11 IST" name="Test" finished-at="2025-03-23T14:10:34 IST" duration-ms="22818">
      <class name="Ecom.Shop.TestLoginPage">
        <test-method is-config="true" signature="onStart()[pri:0, instance:Ecom.Shop.TestLoginPage@304bb45b]" started-at="2025-03-23T14:10:24 IST" name="onStart" finished-at="2025-03-23T14:10:30 IST" duration-ms="5746" status="PASS">
          <reporter-output>
          </reporter-output>
        </test-method> <!-- onStart -->
        <test-method signature="loginTest()[pri:0, instance:Ecom.Shop.TestLoginPage@304bb45b]" started-at="2025-03-23T14:10:30 IST" name="loginTest" finished-at="2025-03-23T14:10:33 IST" duration-ms="3017" status="PASS">
          <reporter-output>
          </reporter-output>
        </test-method> <!-- loginTest -->
        <test-method is-config="true" signature="captureScreenshotOnFailure(org.testng.ITestResult)[pri:0, instance:Ecom.Shop.TestLoginPage@304bb45b]" started-at="2025-03-23T14:10:33 IST" name="captureScreenshotOnFailure" finished-at="2025-03-23T14:10:33 IST" duration-ms="2" status="PASS">
          <params>
            <param index="0">
              <value>
                <![CDATA[[TestResult name=loginTest status=SUCCESS method=TestLoginPage.loginTest()[pri:0, instance:Ecom.Shop.TestLoginPage@304bb45b] output={null}]]]>
              </value>
            </param>
          </params>
          <reporter-output>
          </reporter-output>
        </test-method> <!-- captureScreenshotOnFailure -->
        <test-method is-config="true" signature="tearDown()[pri:0, instance:Ecom.Shop.TestLoginPage@304bb45b]" started-at="2025-03-23T14:10:33 IST" name="tearDown" finished-at="2025-03-23T14:10:34 IST" duration-ms="591" status="PASS">
          <reporter-output>
          </reporter-output>
        </test-method> <!-- tearDown -->
      </class> <!-- Ecom.Shop.TestLoginPage -->
      <class name="Ecom.Shop.TestRegisterPage">
        <test-method is-config="true" signature="onStart()[pri:0, instance:Ecom.Shop.TestRegisterPage@61c4eee0]" started-at="2025-03-23T14:10:11 IST" name="onStart" finished-at="2025-03-23T14:10:21 IST" duration-ms="9750" status="PASS">
          <reporter-output>
          </reporter-output>
        </test-method> <!-- onStart -->
        <test-method signature="registerTest()[pri:0, instance:Ecom.Shop.TestRegisterPage@61c4eee0]" started-at="2025-03-23T14:10:21 IST" name="registerTest" finished-at="2025-03-23T14:10:23 IST" duration-ms="2618" status="PASS">
          <reporter-output>
          </reporter-output>
        </test-method> <!-- registerTest -->
        <test-method is-config="true" signature="captureScreenshotOnFailure(org.testng.ITestResult)[pri:0, instance:Ecom.Shop.TestRegisterPage@61c4eee0]" started-at="2025-03-23T14:10:23 IST" name="captureScreenshotOnFailure" finished-at="2025-03-23T14:10:23 IST" duration-ms="31" status="PASS">
          <params>
            <param index="0">
              <value>
                <![CDATA[[TestResult name=registerTest status=SUCCESS method=TestRegisterPage.registerTest()[pri:0, instance:Ecom.Shop.TestRegisterPage@61c4eee0] output={null}]]]>
              </value>
            </param>
          </params>
          <reporter-output>
          </reporter-output>
        </test-method> <!-- captureScreenshotOnFailure -->
        <test-method is-config="true" signature="tearDown()[pri:0, instance:Ecom.Shop.TestRegisterPage@61c4eee0]" started-at="2025-03-23T14:10:23 IST" name="tearDown" finished-at="2025-03-23T14:10:24 IST" duration-ms="962" status="PASS">
          <reporter-output>
          </reporter-output>
        </test-method> <!-- tearDown -->
      </class> <!-- Ecom.Shop.TestRegisterPage -->
    </test> <!-- Test -->
  </suite> <!-- Suite -->
</testng-results>
